<?xml version="1.0" encoding="UTF-8"?>
<!-- Generated by org.testng.reporters.JUnitReportReporter -->
<testsuite skipped="0" hostname="SINDIYA-DIPIN" name="actions.SeleniumGridTesting" tests="1" failures="0" timestamp="03 Jul 2020 00:36:53 GMT" time="2.451" errors="0">
  <testcase name="simpleTest" time="2.451" classname="actions.SeleniumGridTesting"/>
</testsuite> <!-- actions.SeleniumGridTesting -->
