<?xml version="1.0" encoding="UTF-8"?>
<!-- Generated by org.testng.reporters.JUnitReportReporter -->
<testsuite skipped="0" hostname="SINDIYA-DIPIN" name="actions.Node" tests="2" failures="0" timestamp="03 Jul 2020 00:54:38 GMT" time="19.548" errors="0">
  <testcase name="simpleTest" time="5.900" classname="actions.Node"/>
  <testcase name="simpleTest2" time="13.648" classname="actions.Node"/>
</testsuite> <!-- actions.Node -->
